2018-08-31 17:55:35.313  INFO 3220 --- [restartedMain] c.unnet.triangle.lvs.master.Application  : Starting Application on DESKTOP-8D0L4U3 with PID 3220 (E:\workspace\triangle-lvs-service\target\classes started by 姜云瀚 in E:\workspace\triangle-lvs-service)
2018-08-31 17:55:35.389  INFO 3220 --- [restartedMain] c.unnet.triangle.lvs.master.Application  : No active profile set, falling back to default profiles: default
2018-08-31 17:55:35.552  INFO 3220 --- [restartedMain] ConfigServletWebServerApplicationContext : Refreshing org.springframework.boot.web.servlet.context.AnnotationConfigServletWebServerApplicationContext@52a72b97: startup date [Fri Aug 31 17:55:35 CST 2018]; root of context hierarchy
2018-08-31 17:55:45.143  INFO 3220 --- [restartedMain] trationDelegate$BeanPostProcessorChecker : Bean 'org.springframework.transaction.annotation.ProxyTransactionManagementConfiguration' of type [org.springframework.transaction.annotation.ProxyTransactionManagementConfiguration$$EnhancerBySpringCGLIB$$ccf6da67] is not eligible for getting processed by all BeanPostProcessors (for example: not eligible for auto-proxying)
2018-08-31 17:55:52.406  INFO 3220 --- [restartedMain] c.u.t.l.m.c.CustomizationContainerBean   : using user defined http port [8080]
2018-08-31 17:55:57.140  INFO 3220 --- [restartedMain] o.s.b.w.embedded.tomcat.TomcatWebServer  : Tomcat initialized with port(s): 8080 (http)
2018-08-31 17:55:57.278  INFO 3220 --- [restartedMain] o.apache.catalina.core.StandardService   : Starting service [Tomcat]
2018-08-31 17:55:57.278  INFO 3220 --- [restartedMain] org.apache.catalina.core.StandardEngine  : Starting Servlet Engine: Apache Tomcat/8.5.28
2018-08-31 17:55:57.309  INFO 3220 --- [localhost-startStop-1] o.a.catalina.core.AprLifecycleListener   : The APR based Apache Tomcat Native library which allows optimal performance in production environments was not found on the java.library.path: [C:\Program Files\Java\jre1.8.0_144\bin;C:\WINDOWS\Sun\Java\bin;C:\WINDOWS\system32;C:\WINDOWS;C:/Program Files/Java/jre1.8.0_144/bin/server;C:/Program Files/Java/jre1.8.0_144/bin;C:/Program Files/Java/jre1.8.0_144/lib/amd64;C:\Program Files\Microsoft MPI\Bin\;C:\ProgramData\Oracle\Java\javapath;C:\WINDOWS\system32;C:\WINDOWS;C:\WINDOWS\System32\Wbem;C:\WINDOWS\System32\WindowsPowerShell\v1.0\;C:\Program Files\Java\jdk1.8.0_144\bin;C:\Program Files\Java\jdk1.8.0_144\jre\bin;%catalina_home%\bin;E:\sqlsevers\130\Tools\Binn\;E:\SQLservers\130\Tools\Binn\;E:\sqlsevers\130\DTS\Binn\;E:\SQLservers\130\DTS\Binn\;E:\SQLservers\Client SDK\ODBC\130\Tools\Binn\;C:\Program Files\MySQL\MySQL Utilities 1.6\;C:\Program Files\MySQL\MySQL Server 5.7\bin\;D:\SQLSEVER\120\DTS\Binn\;D:\SQLSEVER\Client SDK\ODBC\110\Tools\Binn\;E:\sqlsevers\120\Tools\Binn\;D:\SQLSEVER\120\Tools\Binn\;E:\sqlsevers\120\Tools\Binn\ManagementStudio\;E:\sqlsevers\120\DTS\Binn\;E:\Git\Git\cmd;E:\BaiduNetdiskDownload\apache-maven-3.5.3-bin\apache-maven-3.5.3\bin;C:\WINDOWS\System32\OpenSSH\;E:\node.js\;E:\Mycat1.6\mycat\bin;C:\Users\姜云瀚\AppData\Local\Microsoft\WindowsApps;C:\Users\姜云瀚\AppData\Roaming\npm;D:\软件集\eclipse;;.]
2018-08-31 17:55:57.926  INFO 3220 --- [localhost-startStop-1] o.a.c.c.C.[Tomcat].[localhost].[/]       : Initializing Spring embedded WebApplicationContext
2018-08-31 17:55:57.927  INFO 3220 --- [localhost-startStop-1] o.s.web.context.ContextLoader            : Root WebApplicationContext: initialization completed in 22375 ms
2018-08-31 17:55:58.599  INFO 3220 --- [localhost-startStop-1] o.s.b.w.servlet.ServletRegistrationBean  : Servlet dispatcherServlet mapped to [/]
2018-08-31 17:55:58.607  INFO 3220 --- [localhost-startStop-1] o.s.b.w.servlet.FilterRegistrationBean   : Mapping filter: 'characterEncodingFilter' to: [/*]
2018-08-31 17:55:58.608  INFO 3220 --- [localhost-startStop-1] o.s.b.w.servlet.FilterRegistrationBean   : Mapping filter: 'hiddenHttpMethodFilter' to: [/*]
2018-08-31 17:55:58.608  INFO 3220 --- [localhost-startStop-1] o.s.b.w.servlet.FilterRegistrationBean   : Mapping filter: 'httpPutFormContentFilter' to: [/*]
2018-08-31 17:55:58.608  INFO 3220 --- [localhost-startStop-1] o.s.b.w.servlet.FilterRegistrationBean   : Mapping filter: 'requestContextFilter' to: [/*]
2018-08-31 17:55:58.944  INFO 3220 --- [restartedMain] c.u.t.l.m.c.DataSourceConfiguration      : initializing dataSource with user defined config
2018-08-31 17:56:03.560  INFO 3220 --- [restartedMain] pertySourcedRequestMappingHandlerMapping : Mapped URL path [/v2/api-docs] onto method [public org.springframework.http.ResponseEntity<springfox.documentation.spring.web.json.Json> springfox.documentation.swagger2.web.Swagger2Controller.getDocumentation(java.lang.String,javax.servlet.http.HttpServletRequest)]
2018-08-31 17:56:04.656  INFO 3220 --- [restartedMain] o.s.w.s.handler.SimpleUrlHandlerMapping  : Mapped URL path [/webjars/**] onto handler of type [class org.springframework.web.servlet.resource.ResourceHttpRequestHandler]
2018-08-31 17:56:04.657  INFO 3220 --- [restartedMain] o.s.w.s.handler.SimpleUrlHandlerMapping  : Mapped URL path [/**] onto handler of type [class org.springframework.web.servlet.resource.ResourceHttpRequestHandler]
2018-08-31 17:56:04.810  INFO 3220 --- [restartedMain] o.s.w.s.handler.SimpleUrlHandlerMapping  : Mapped URL path [/**/favicon.ico] onto handler of type [class org.springframework.web.servlet.resource.ResourceHttpRequestHandler]
2018-08-31 17:56:05.619  INFO 3220 --- [restartedMain] o.s.ui.freemarker.SpringTemplateLoader   : SpringTemplateLoader for FreeMarker: using resource loader [org.springframework.boot.web.servlet.context.AnnotationConfigServletWebServerApplicationContext@52a72b97: startup date [Fri Aug 31 17:55:35 CST 2018]; root of context hierarchy] and template loader path [classpath:/templates/]
2018-08-31 17:56:05.621  INFO 3220 --- [restartedMain] o.s.w.s.v.f.FreeMarkerConfigurer         : ClassTemplateLoader for Spring macros added to FreeMarker configuration
2018-08-31 17:56:05.660  WARN 3220 --- [restartedMain] o.s.b.a.f.FreeMarkerAutoConfiguration    : Cannot find template location(s): [classpath:/templates/] (please add some templates, check your FreeMarker configuration, or set spring.freemarker.checkTemplateLocation=false)
2018-08-31 17:56:06.090  INFO 3220 --- [restartedMain] o.s.b.d.a.OptionalLiveReloadServer       : LiveReload server is running on port 35729
2018-08-31 17:56:06.338  INFO 3220 --- [restartedMain] o.s.j.e.a.AnnotationMBeanExporter        : Registering beans for JMX exposure on startup
2018-08-31 17:56:06.340  INFO 3220 --- [restartedMain] o.s.j.e.a.AnnotationMBeanExporter        : Bean with name 'dataSource' has been autodetected for JMX exposure
2018-08-31 17:56:06.351  INFO 3220 --- [restartedMain] o.s.j.e.a.AnnotationMBeanExporter        : Located MBean 'dataSource': registering with JMX server as MBean [com.zaxxer.hikari:name=dataSource,type=HikariDataSource]
2018-08-31 17:56:06.358  INFO 3220 --- [restartedMain] o.s.c.support.DefaultLifecycleProcessor  : Starting beans in phase 2147483647
2018-08-31 17:56:06.359  INFO 3220 --- [restartedMain] d.s.w.p.DocumentationPluginsBootstrapper : Context refreshed
2018-08-31 17:56:06.433  INFO 3220 --- [restartedMain] d.s.w.p.DocumentationPluginsBootstrapper : Found 1 custom documentation plugin(s)
2018-08-31 17:56:09.124  INFO 3220 --- [restartedMain] s.d.s.w.s.ApiListingReferenceScanner     : Scanning for api listing references
2018-08-31 17:56:12.805  INFO 3220 --- [restartedMain] .d.s.w.r.o.CachingOperationNameGenerator : Generating unique operation named: updateUsingPUT_1
2018-08-31 17:56:12.819  INFO 3220 --- [restartedMain] .d.s.w.r.o.CachingOperationNameGenerator : Generating unique operation named: selectUsingGET_1
2018-08-31 17:56:12.829  INFO 3220 --- [restartedMain] .d.s.w.r.o.CachingOperationNameGenerator : Generating unique operation named: selectUsingGET_2
2018-08-31 17:56:12.841  INFO 3220 --- [restartedMain] .d.s.w.r.o.CachingOperationNameGenerator : Generating unique operation named: updateUsingPUT_2
2018-08-31 17:56:12.846  INFO 3220 --- [restartedMain] .d.s.w.r.o.CachingOperationNameGenerator : Generating unique operation named: deleteUsingDELETE_1
2018-08-31 17:56:12.860  INFO 3220 --- [restartedMain] .d.s.w.r.o.CachingOperationNameGenerator : Generating unique operation named: insertUsingPOST_1
2018-08-31 17:56:12.877  INFO 3220 --- [restartedMain] .d.s.w.r.o.CachingOperationNameGenerator : Generating unique operation named: selectUsingGET_3
2018-08-31 17:56:12.881  INFO 3220 --- [restartedMain] .d.s.w.r.o.CachingOperationNameGenerator : Generating unique operation named: updateUsingPUT_3
2018-08-31 17:56:13.237  INFO 3220 --- [restartedMain] o.s.b.w.embedded.tomcat.TomcatWebServer  : Tomcat started on port(s): 8080 (http) with context path ''
2018-08-31 17:56:13.255  INFO 3220 --- [restartedMain] c.unnet.triangle.lvs.master.Application  : Started Application in 38.813 seconds (JVM running for 41.068)
2018-08-31 17:57:05.377  INFO 3220 --- [http-nio-8080-exec-5] o.a.c.c.C.[Tomcat].[localhost].[/]       : Initializing Spring FrameworkServlet 'dispatcherServlet'
2018-08-31 17:57:05.378  INFO 3220 --- [http-nio-8080-exec-5] o.s.web.servlet.DispatcherServlet        : FrameworkServlet 'dispatcherServlet': initialization started
2018-08-31 17:57:05.453  INFO 3220 --- [http-nio-8080-exec-5] o.s.web.servlet.DispatcherServlet        : FrameworkServlet 'dispatcherServlet': initialization completed in 75 ms
2018-08-31 17:57:40.143  INFO 3220 --- [http-nio-8080-exec-8] com.zaxxer.hikari.HikariDataSource       : HikariPool-1 - Starting...
2018-08-31 17:57:44.452  INFO 3220 --- [http-nio-8080-exec-8] com.zaxxer.hikari.HikariDataSource       : HikariPool-1 - Start completed.
